<?xml version="1.0" encoding="UTF-8"?>
<!-- Generated by org.testng.reporters.JUnitReportReporter -->
<testsuite hostname="suman-s" name="com.awb.test.tests.home.HomeTests" tests="2" failures="1" timestamp="20 Nov 2012 10:57:59 GMT" time="141.773" errors="1">
  <testcase name="testWCBenefitsByStateMap" time="57.505" classname="com.awb.test.tests.home.HomeTests">
    <error type="java.lang.AssertionError" message="Click OR link
Click WA link
 expected [true[ but found ]false]">
      <![CDATA[java.lang.AssertionError: Click OR link
Click WA link
 expected [true[ but found ]false]
	at org.testng.Assert.fail(Assert.java:94)
	at org.testng.Assert.failNotEquals(Assert.java:494)
	at org.testng.Assert.assertTrue(Assert.java:42)
	at com.awb.test.tests.home.HomeTests.testWCBenefitsByStateMap(HomeTests.java:83)
	at sun.reflect.NativeMethodAccessorImpl.invoke0(Native Method)
	at sun.reflect.NativeMethodAccessorImpl.invoke(Unknown Source)
	at sun.reflect.DelegatingMethodAccessorImpl.invoke(Unknown Source)
	at java.lang.reflect.Method.invoke(Unknown Source)
	at org.testng.internal.MethodInvocationHelper.invokeMethod(MethodInvocationHelper.java:80)
	at org.testng.internal.Invoker.invokeMethod(Invoker.java:714)
	at org.testng.internal.Invoker.invokeTestMethod(Invoker.java:901)
	at org.testng.internal.Invoker.invokeTestMethods(Invoker.java:1231)
	at org.testng.internal.TestMethodWorker.invokeTestMethods(TestMethodWorker.java:127)
	at org.testng.internal.TestMethodWorker.run(TestMethodWorker.java:111)
	at org.testng.TestRunner.privateRun(TestRunner.java:767)
	at org.testng.TestRunner.run(TestRunner.java:617)
	at org.testng.SuiteRunner.runTest(SuiteRunner.java:334)
	at org.testng.SuiteRunner.runSequentially(SuiteRunner.java:329)
	at org.testng.SuiteRunner.privateRun(SuiteRunner.java:291)
	at org.testng.SuiteRunner.run(SuiteRunner.java:240)
	at org.testng.SuiteRunnerWorker.runSuite(SuiteRunnerWorker.java:52)
	at org.testng.SuiteRunnerWorker.run(SuiteRunnerWorker.java:86)
	at org.testng.TestNG.runSuitesSequentially(TestNG.java:1197)
	at org.testng.TestNG.runSuitesLocally(TestNG.java:1122)
	at org.testng.TestNG.run(TestNG.java:1030)
	at org.testng.remote.RemoteTestNG.run(RemoteTestNG.java:111)
	at org.testng.remote.RemoteTestNG.initAndRun(RemoteTestNG.java:204)
	at org.testng.remote.RemoteTestNG.main(RemoteTestNG.java:175)
]]>
    </error>
  </testcase> <!-- testWCBenefitsByStateMap -->
  <testcase name="testAllNavigations" time="84.268" classname="com.awb.test.tests.home.HomeTests">
    <failure type="org.openqa.selenium.ElementNotVisibleException" message="Element is not currently visible and so may not be interacted with
Command duration or timeout: 10.09 seconds
Build info: version: &#039;2.25.0&#039;, revision: &#039;17482&#039;, time: &#039;2012-07-18 21:08:56&#039;
System info: os.name: &#039;Windows 7&#039;, os.arch: &#039;amd64&#039;, os.version: &#039;6.1&#039;, java.version: &#039;1.6.0_31&#039;
Driver info: driver.version: RemoteWebDriver
Session ID: 0fb819e4-31ae-4fb1-b148-d9c79c1c215e">
      <![CDATA[org.openqa.selenium.ElementNotVisibleException: Element is not currently visible and so may not be interacted with
Command duration or timeout: 10.09 seconds
Build info: version: '2.25.0', revision: '17482', time: '2012-07-18 21:08:56'
System info: os.name: 'Windows 7', os.arch: 'amd64', os.version: '6.1', java.version: '1.6.0_31'
Driver info: driver.version: RemoteWebDriver
Session ID: 0fb819e4-31ae-4fb1-b148-d9c79c1c215e
	at sun.reflect.NativeConstructorAccessorImpl.newInstance0(Native Method)
	at sun.reflect.NativeConstructorAccessorImpl.newInstance(Unknown Source)
	at sun.reflect.DelegatingConstructorAccessorImpl.newInstance(Unknown Source)
	at java.lang.reflect.Constructor.newInstance(Unknown Source)
	at org.openqa.selenium.remote.ErrorHandler.createThrowable(ErrorHandler.java:188)
	at org.openqa.selenium.remote.ErrorHandler.throwIfResponseFailed(ErrorHandler.java:145)
	at org.openqa.selenium.remote.RemoteWebDriver.execute(RemoteWebDriver.java:498)
	at org.openqa.selenium.remote.RemoteWebElement.execute(RemoteWebElement.java:244)
	at org.openqa.selenium.remote.RemoteWebElement.click(RemoteWebElement.java:77)
	at com.awb.test.core.pages.BasePage.click(BasePage.java:669)
	at com.awb.test.pages.HomePage.verifyPortfolioWC(HomePage.java:116)
	at com.awb.test.pages.HomePage.VerifyAllNavigations(HomePage.java:51)
	at com.awb.test.tests.home.HomeTests.testAllNavigations(HomeTests.java:65)
	at sun.reflect.NativeMethodAccessorImpl.invoke0(Native Method)
	at sun.reflect.NativeMethodAccessorImpl.invoke(Unknown Source)
	at sun.reflect.DelegatingMethodAccessorImpl.invoke(Unknown Source)
	at java.lang.reflect.Method.invoke(Unknown Source)
	at org.testng.internal.MethodInvocationHelper.invokeMethod(MethodInvocationHelper.java:80)
	at org.testng.internal.Invoker.invokeMethod(Invoker.java:714)
	at org.testng.internal.Invoker.invokeTestMethod(Invoker.java:901)
	at org.testng.internal.Invoker.invokeTestMethods(Invoker.java:1231)
	at org.testng.internal.TestMethodWorker.invokeTestMethods(TestMethodWorker.java:127)
	at org.testng.internal.TestMethodWorker.run(TestMethodWorker.java:111)
	at org.testng.TestRunner.privateRun(TestRunner.java:767)
	at org.testng.TestRunner.run(TestRunner.java:617)
	at org.testng.SuiteRunner.runTest(SuiteRunner.java:334)
	at org.testng.SuiteRunner.runSequentially(SuiteRunner.java:329)
	at org.testng.SuiteRunner.privateRun(SuiteRunner.java:291)
	at org.testng.SuiteRunner.run(SuiteRunner.java:240)
	at org.testng.SuiteRunnerWorker.runSuite(SuiteRunnerWorker.java:52)
	at org.testng.SuiteRunnerWorker.run(SuiteRunnerWorker.java:86)
	at org.testng.TestNG.runSuitesSequentially(TestNG.java:1197)
	at org.testng.TestNG.runSuitesLocally(TestNG.java:1122)
	at org.testng.TestNG.run(TestNG.java:1030)
	at org.testng.remote.RemoteTestNG.run(RemoteTestNG.java:111)
	at org.testng.remote.RemoteTestNG.initAndRun(RemoteTestNG.java:204)
	at org.testng.remote.RemoteTestNG.main(RemoteTestNG.java:175)
Caused by: org.openqa.selenium.remote.ErrorHandler$UnknownServerException: Element is not currently visible and so may not be interacted with
Build info: version: '2.25.0', revision: '17482', time: '2012-07-18 21:08:56'
System info: os.name: 'Windows 7', os.arch: 'amd64', os.version: '6.1', java.version: '1.6.0_31'
Driver info: driver.version: unknown
	at <anonymous class>.<anonymous method>(file:///C:/Users/sumans/AppData/Local/Temp/anonymous937604839760593591webdriver-profile/extensions/fxdriver@googlecode.com/components/command_processor.js:5908)
	at <anonymous class>.<anonymous method>(file:///C:/Users/sumans/AppData/Local/Temp/anonymous937604839760593591webdriver-profile/extensions/fxdriver@googlecode.com/components/command_processor.js:10110)
	at <anonymous class>.<anonymous method>(file:///C:/Users/sumans/AppData/Local/Temp/anonymous937604839760593591webdriver-profile/extensions/fxdriver@googlecode.com/components/command_processor.js:10131)
	at <anonymous class>.<anonymous method>(file:///C:/Users/sumans/AppData/Local/Temp/anonymous937604839760593591webdriver-profile/extensions/fxdriver@googlecode.com/components/command_processor.js:399)
]]>
    </failure>
  </testcase> <!-- testAllNavigations -->
</testsuite> <!-- com.awb.test.tests.home.HomeTests -->
