<?xml version="1.0" encoding="UTF-8"?>
<!-- Generated by org.testng.reporters.JUnitReportReporter -->
<testsuite hostname="suman-s" name="com.awb.test.tests.HomeTests" tests="2" failures="0" timestamp="29 Nov 2012 06:38:11 GMT" time="516.695" errors="1">
  <testcase name="testAllNavigations" time="97.523" classname="com.awb.test.tests.HomeTests"/>
  <testcase name="testWCBenefitsByStateMap" time="419.172" classname="com.awb.test.tests.HomeTests">
    <error type="java.lang.AssertionError" message="Click OR link
Click WA link
Click CA link
Click MT link
Click ID link
Click NV link
Click AZ link
Click WY link
Click UT link
Click NM link
Click CO link
Click TX link
Click OK link
Click KS link
Click NE link
Click SD link
Click ND link
Click MN link
Click IA link
Click MO link
Click AR link
Click LA link
Click MS link
Click AL link
Click TN link
Click KY link
Click IN link
Click MI link
Click OH link
Click WV link
Click VA link
Click PA link
Click NY link
Click VT link
Click NH link
Click ME link
Click MA link
Click CT link
Click NJ link
Click MD link
Click NC link
Click SC link
Click GA link
Click FL link
Click HI link
Click AK link
 expected [true[ but found ]false]">
      <![CDATA[java.lang.AssertionError: Click OR link
Click WA link
Click CA link
Click MT link
Click ID link
Click NV link
Click AZ link
Click WY link
Click UT link
Click NM link
Click CO link
Click TX link
Click OK link
Click KS link
Click NE link
Click SD link
Click ND link
Click MN link
Click IA link
Click MO link
Click AR link
Click LA link
Click MS link
Click AL link
Click TN link
Click KY link
Click IN link
Click MI link
Click OH link
Click WV link
Click VA link
Click PA link
Click NY link
Click VT link
Click NH link
Click ME link
Click MA link
Click CT link
Click NJ link
Click MD link
Click NC link
Click SC link
Click GA link
Click FL link
Click HI link
Click AK link
 expected [true[ but found ]false]
	at org.testng.Assert.fail(Assert.java:94)
	at org.testng.Assert.failNotEquals(Assert.java:494)
	at org.testng.Assert.assertTrue(Assert.java:42)
	at com.awb.test.tests.HomeTests.testWCBenefitsByStateMap(HomeTests.java:49)
	at sun.reflect.NativeMethodAccessorImpl.invoke0(Native Method)
	at sun.reflect.NativeMethodAccessorImpl.invoke(Unknown Source)
	at sun.reflect.DelegatingMethodAccessorImpl.invoke(Unknown Source)
	at java.lang.reflect.Method.invoke(Unknown Source)
	at org.testng.internal.MethodInvocationHelper.invokeMethod(MethodInvocationHelper.java:80)
	at org.testng.internal.Invoker.invokeMethod(Invoker.java:714)
	at org.testng.internal.Invoker.invokeTestMethod(Invoker.java:901)
	at org.testng.internal.Invoker.invokeTestMethods(Invoker.java:1231)
	at org.testng.internal.TestMethodWorker.invokeTestMethods(TestMethodWorker.java:127)
	at org.testng.internal.TestMethodWorker.run(TestMethodWorker.java:111)
	at org.testng.TestRunner.privateRun(TestRunner.java:767)
	at org.testng.TestRunner.run(TestRunner.java:617)
	at org.testng.SuiteRunner.runTest(SuiteRunner.java:334)
	at org.testng.SuiteRunner.runSequentially(SuiteRunner.java:329)
	at org.testng.SuiteRunner.privateRun(SuiteRunner.java:291)
	at org.testng.SuiteRunner.run(SuiteRunner.java:240)
	at org.testng.SuiteRunnerWorker.runSuite(SuiteRunnerWorker.java:52)
	at org.testng.SuiteRunnerWorker.run(SuiteRunnerWorker.java:86)
	at org.testng.TestNG.runSuitesSequentially(TestNG.java:1197)
	at org.testng.TestNG.runSuitesLocally(TestNG.java:1122)
	at org.testng.TestNG.run(TestNG.java:1030)
	at org.testng.remote.RemoteTestNG.run(RemoteTestNG.java:111)
	at org.testng.remote.RemoteTestNG.initAndRun(RemoteTestNG.java:204)
	at org.testng.remote.RemoteTestNG.main(RemoteTestNG.java:175)
]]>
    </error>
  </testcase> <!-- testWCBenefitsByStateMap -->
</testsuite> <!-- com.awb.test.tests.HomeTests -->
